proguard.cfg
-dontshrink
-optimizationpasses 5
-dontusemixedcaseclassnames
-dontskipnonpubliclibraryclasses
-dontpreverify
-verbose
-optimizations !code/simplification/arithmetic,!field/*,!class/merging/*

-dontwarn org.dom4j.**
-keep class org.dom4j.**

-dontwarn **CompatHoneycomb
-dontwarn android.net.http.**
-dontwarn com.weibo.sdk.android.**


# Needed by google-api-client to keep generic types and @Key annotations accessed via reflection
-keepclassmembers class * {
  @com.google.api.client.util.Key <fields>;
}
-keepattributes Signature,RuntimeVisibleAnnotations,AnnotationDefault

# Needed by Guava
-dontwarn sun.misc.Unsafe

# See https://groups.google.com/forum/#!topic/guava-discuss/YCZzeCiIVoI
-dontwarn com.google.common.collect.MinMaxPriorityQueue



-dontwarn android.support.v4.**
-keep class android.support.v4.**

-keep public class * extends android.app.Activity
-keep public class * extends android.app.Application
-keep public class * extends android.app.Service
-keep public class * extends android.content.BroadcastReceiver
-keep public class * extends android.content.ContentProvider
-keep public class * extends android.app.backup.BackupAgentHelper
-keep public class * extends android.preference.Preference
-keep public class com.android.vending.licensing.ILicensingService


-keep class com.tencent.mm.sdk.openapi.WXMediaMessage {*;}
-keep class com.tencent.mm.sdk.openapi.**
implements com.tencent.mm.sdk.openapi.WXMediaMessage$IMediaObject {*;}

-keepclasseswithmembernames class * {
    native <methods>;
}

-keepclasseswithmembers class * {
    public <init>(android.content.Context, android.util.AttributeSet);
}

-keepclasseswithmembers class * {
    public <init>(android.content.Context, android.util.AttributeSet, int);
}

-keepclassmembers class * extends android.app.Activity {
   public void *(android.view.View);
}

-keepclassmember class ** {
	<fields>;
}

-keepclassmembers enum * {
    public static **[] values();
    public static ** valueOf(java.lang.String);
}

-keep class * implements android.os.Parcelable {
  public static final android.os.Parcelable$Creator *;
}

-libraryjars libs/gson-2.1.jar
-libraryjars libs/android-support-v4.jar
-libraryjars libs/universal-image-loader-1.6.1.jar