proguard/seeds.txt
com.mi.sta7.AlertAdapter: int TYPE_BUTTON
com.mi.sta7.AlertAdapter: int TYPE_TITLE
com.mi.sta7.AlertAdapter: int TYPE_EXIT
com.mi.sta7.AlertAdapter: int TYPE_CANCEL
com.mi.sta7.AlertAdapter: java.util.List items
com.mi.sta7.AlertAdapter: int[] types
com.mi.sta7.AlertAdapter: boolean isTitle
com.mi.sta7.AlertAdapter: android.content.Context context
com.mi.sta7.AlertAdapter$ViewHolder: android.widget.TextView text
com.mi.sta7.AlertAdapter$ViewHolder: int type
com.mi.sta7.Alerts: java.lang.String LOG_TAG
com.mi.sta7.Alerts: int W_POPUP
com.mi.sta7.Alerts: java.lang.String POPUP_PREFIX
com.mi.sta7.Alerts: android.app.Dialog _pd
com.mi.sta7.Alerts$1: java.lang.String val$faction
com.mi.sta7.Alerts$1: android.app.Activity val$activity
com.mi.sta7.Alerts$2: android.app.Activity val$exitActivity
com.mi.sta7.BuildConfig: boolean DEBUG
com.mi.sta7.Cache: java.lang.String LOG_TAG
com.mi.sta7.Cache: long CACHE_LOCAL
com.mi.sta7.Cache: long CACHE_PERMANENT
com.mi.sta7.Cache: long MS_PER_SECOND
com.mi.sta7.Cache: java.util.Map cacheInterval
com.mi.sta7.Cache: java.util.Map requestMark
com.mi.sta7.DeviceResourceAPI: java.lang.String countryCode
com.mi.sta7.DeviceResourceAPI: java.lang.String networkCode
com.mi.sta7.DeviceResourceAPI: java.lang.String localIp
com.mi.sta7.DeviceResourceAPI: java.lang.String LOG_TAG
com.mi.sta7.DeviceResourceAPI$1: android.net.wifi.WifiManager val$wifi
com.mi.sta7.GetShareBean: java.lang.String URL
com.mi.sta7.GetShareBean: java.util.List shareBean
com.mi.sta7.GetShareBean: int page
com.mi.sta7.GetShareBean: java.lang.String respString
com.mi.sta7.ImageLoaderHelper: com.nostra13.universalimageloader.core.ImageLoader imageLoader
com.mi.sta7.ImageLoaderHelper: java.io.File cacheDir
com.mi.sta7.ImageLoaderHelper: int MEM_CACHE_SIZE
com.mi.sta7.ImageLoaderHelper: int DISC_CACHE_SIZE
com.mi.sta7.ImageLoaderHelper: int CONN_TIMEOUT
com.mi.sta7.ImageLoaderHelper: int READ_TIMEOUT
com.mi.sta7.ImageLoaderHelper: int MAX_IMAGE_SIZE
com.mi.sta7.ImageLoaderHelper: int THREAD_POOL_SIZE
com.mi.sta7.JYApi: java.lang.String API_URL
com.mi.sta7.JYApi: java.lang.String USRNAME
com.mi.sta7.JYApi: java.lang.String PASSWORD
com.mi.sta7.JYApi: java.lang.String SECRET_KEY
com.mi.sta7.JYApi: java.lang.String INVOKER
com.mi.sta7.JYApi: java.util.Map paramMap
com.mi.sta7.Mango: java.lang.String LOG_TAG
com.mi.sta7.Mango: java.lang.String URL_OAUTH2_ACCESS_AUTHORIZE
com.mi.sta7.Mango: com.mi.sta7.Mango mWeiboInstance
com.mi.sta7.Mango: java.lang.String app_key
com.mi.sta7.Mango: java.lang.String redirecturl
com.mi.sta7.Mango: com.weibo.sdk.android.Oauth2AccessToken accessToken
com.mi.sta7.Mango: java.lang.String KEY_TOKEN
com.mi.sta7.Mango: java.lang.String KEY_EXPIRES
com.mi.sta7.Mango: java.lang.String KEY_REFRESHTOKEN
com.mi.sta7.Mango: boolean isWifi
com.mi.sta7.Mango: boolean isOncomplete
com.mi.sta7.Mango$1: com.mi.sta7.Mango this$0
com.mi.sta7.Mango$1: com.weibo.sdk.android.WeiboAuthListener val$listener
com.mi.sta7.MangoAPI: java.lang.String API_SERVER
com.mi.sta7.MangoAPI: java.lang.String HTTPMETHOD_POST
com.mi.sta7.MangoAPI: java.lang.String HTTPMETHOD_GET
com.mi.sta7.MangoAPI: com.weibo.sdk.android.Oauth2AccessToken oAuth2accessToken
com.mi.sta7.MangoAPI: java.lang.String accessToken
com.mi.sta7.MangoAPI: com.mi.sta7.MangoAPI mangoAPI
com.mi.sta7.Preferences: java.lang.String LOG_TAG
com.mi.sta7.Preferences: android.content.SharedPreferences _settings
com.mi.sta7.R$anim: int first
com.mi.sta7.R$anim: int in_lefttoright
com.mi.sta7.R$anim: int iphone1
com.mi.sta7.R$anim: int iphone2
com.mi.sta7.R$anim: int out_righttoleft
com.mi.sta7.R$anim: int translateappear
com.mi.sta7.R$anim: int translatedisappear
com.mi.sta7.R$anim: int translatetoleft
com.mi.sta7.R$anim: int translatetoright
com.mi.sta7.R$anim: int tuichu
com.mi.sta7.R$attr: int lineSpacingExtra
com.mi.sta7.R$attr: int textColor
com.mi.sta7.R$attr: int textSize
com.mi.sta7.R$attr: int textwidth
com.mi.sta7.R$attr: int typeface
...
com.google.gson.internal.ConstructorConstructor$1: com.google.gson.InstanceCreator val$creator
com.google.gson.internal.ConstructorConstructor$1: java.lang.reflect.Type val$type
com.google.gson.internal.ConstructorConstructor$1: com.google.gson.internal.ConstructorConstructor this$0
com.google.gson.internal.ConstructorConstructor$2: java.lang.reflect.Constructor val$constructor
com.google.gson.internal.ConstructorConstructor$2: com.google.gson.internal.ConstructorConstructor this$0
com.google.gson.internal.ConstructorConstructor$3: com.google.gson.internal.ConstructorConstructor this$0
com.google.gson.internal.ConstructorConstructor$4: com.google.gson.internal.ConstructorConstructor this$0
com.google.gson.internal.ConstructorConstructor$5: com.google.gson.internal.ConstructorConstructor this$0
com.google.gson.internal.ConstructorConstructor$6: com.google.gson.internal.ConstructorConstructor this$0
com.google.gson.internal.ConstructorConstructor$7: com.google.gson.internal.ConstructorConstructor this$0
com.google.gson.internal.ConstructorConstructor$8: com.google.gson.internal.UnsafeAllocator unsafeAllocator
com.google.gson.internal.ConstructorConstructor$8: java.lang.Class val$rawType
com.google.gson.internal.ConstructorConstructor$8: java.lang.reflect.Type val$type
com.google.gson.internal.ConstructorConstructor$8: com.google.gson.internal.ConstructorConstructor this$0
com.google.gson.internal.Excluder: double IGNORE_VERSIONS
com.google.gson.internal.Excluder: com.google.gson.internal.Excluder DEFAULT
com.google.gson.internal.Excluder: double version
com.google.gson.internal.Excluder: int modifiers
com.google.gson.internal.Excluder: boolean serializeInnerClasses
com.google.gson.internal.Excluder: boolean requireExpose
com.google.gson.internal.Excluder: java.util.List serializationStrategies
com.google.gson.internal.Excluder: java.util.List deserializationStrategies
com.google.gson.internal.Excluder$1: com.google.gson.TypeAdapter delegate
com.google.gson.internal.Excluder$1: boolean val$skipDeserialize
com.google.gson.internal.Excluder$1: boolean val$skipSerialize
com.google.gson.internal.Excluder$1: com.google.gson.Gson val$gson
com.google.gson.internal.Excluder$1: com.google.gson.reflect.TypeToken val$type
com.google.gson.internal.Excluder$1: com.google.gson.internal.Excluder this$0
com.google.gson.internal.GsonInternalAccess: com.google.gson.internal.GsonInternalAccess INSTANCE
com.google.gson.internal.JsonReaderInternalAccess: com.google.gson.internal.JsonReaderInternalAccess INSTANCE
com.google.gson.internal.LazilyParsedNumber: java.lang.String value
com.google.gson.internal.Pair: java.lang.Object first
com.google.gson.internal.Pair: java.lang.Object second
com.google.gson.internal.Primitives: java.util.Map PRIMITIVE_TO_WRAPPER_TYPE
com.google.gson.internal.Primitives: java.util.Map WRAPPER_TO_PRIMITIVE_TYPE
com.google.gson.internal.Streams$AppendableWriter: java.lang.Appendable appendable
com.google.gson.internal.Streams$AppendableWriter: com.google.gson.internal.Streams$AppendableWriter$CurrentWrite currentWrite
com.google.gson.internal.Streams$AppendableWriter$CurrentWrite: char[] chars
com.google.gson.internal.UnsafeAllocator$1: java.lang.reflect.Method val$allocateInstance
com.google.gson.internal.UnsafeAllocator$1: java.lang.Object val$unsafe
com.google.gson.internal.UnsafeAllocator$2: java.lang.reflect.Method val$newInstance
com.google.gson.internal.UnsafeAllocator$3: java.lang.reflect.Method val$newInstance
com.google.gson.internal.UnsafeAllocator$3: int val$constructorId
com.google.gson.internal.bind.ArrayTypeAdapter: com.google.gson.TypeAdapterFactory FACTORY
com.google.gson.internal.bind.ArrayTypeAdapter: java.lang.Class componentType
com.google.gson.internal.bind.ArrayTypeAdapter: com.google.gson.TypeAdapter componentTypeAdapter
com.google.gson.internal.bind.CollectionTypeAdapterFactory: com.google.gson.internal.ConstructorConstructor constructorConstructor