proguard/mapping.txt
com.mi.sta7.AlertAdapter -> com.mi.sta7.a:
    int TYPE_BUTTON -> TYPE_BUTTON
    int TYPE_TITLE -> TYPE_TITLE
    int TYPE_EXIT -> TYPE_EXIT
    int TYPE_CANCEL -> TYPE_CANCEL
    java.util.List items -> items
    int[] types -> types
    boolean isTitle -> isTitle
    android.content.Context context -> context
    int getCount() -> getCount
    java.lang.Object getItem(int) -> getItem
    long getItemId(int) -> getItemId
    boolean isEnabled(int) -> isEnabled
    android.view.View getView(int,android.view.View,android.view.ViewGroup) -> getView
com.mi.sta7.AlertAdapter$ViewHolder -> com.mi.sta7.b:
    android.widget.TextView text -> text
    int type -> type
com.mi.sta7.Alerts -> com.mi.sta7.c:
    java.lang.String LOG_TAG -> LOG_TAG
    int W_POPUP -> W_POPUP
    java.lang.String POPUP_PREFIX -> POPUP_PREFIX
    android.app.Dialog _pd -> _pd
    void showAlert(java.lang.String,java.lang.String,java.lang.String,java.lang.String,android.app.Activity) -> a
    void showExitAlert(android.app.Activity) -> a
com.mi.sta7.Alerts$1 -> com.mi.sta7.d:
    java.lang.String val$faction -> val$faction
    android.app.Activity val$activity -> val$activity
    void onClick(android.content.DialogInterface,int) -> onClick
com.mi.sta7.Alerts$2 -> com.mi.sta7.e:
    android.app.Activity val$exitActivity -> val$exitActivity
    void onClick(android.content.DialogInterface,int) -> onClick
com.mi.sta7.Alerts$3 -> com.mi.sta7.f:
    void onClick(android.content.DialogInterface,int) -> onClick
com.mi.sta7.BuildConfig -> com.mi.sta7.g:
    boolean DEBUG -> DEBUG
com.mi.sta7.Cache -> com.mi.sta7.h:
    java.lang.String LOG_TAG -> LOG_TAG
    long CACHE_LOCAL -> CACHE_LOCAL
    long CACHE_PERMANENT -> CACHE_PERMANENT
    long MS_PER_SECOND -> MS_PER_SECOND
    java.util.Map cacheInterval -> cacheInterval
    java.util.Map requestMark -> requestMark
    void initRequestMark() -> a
    void readCacheInterval() -> b
    void clearExpired() -> c
    void clear() -> d
    java.lang.String read(java.lang.String) -> a
    void write(java.lang.String,java.lang.String) -> a
    void updateTableScr(java.lang.String,java.lang.String) -> b
    java.lang.String addLoadingData(java.lang.String,java.lang.String,int) -> a
com.mi.sta7.DeviceResourceAPI -> com.mi.sta7.i:
    java.lang.String countryCode -> countryCode
    java.lang.String networkCode -> networkCode
    java.lang.String localIp -> localIp
    java.lang.String LOG_TAG -> LOG_TAG
    long getAvailableInternalMemorySize() -> a
    java.lang.String getConnectionType(android.content.Context) -> c
    java.lang.String getDeviceInfo() -> c
    java.lang.String getWifiMac(android.content.Context) -> d
    void getPhoneMacAddress(android.content.Context) -> a
    java.lang.String getLocalIp(android.content.Context) -> e
    java.lang.String getPhoneNumber() -> d
    int screenHeight() -> e
    int screenWidth() -> f
    int orientation() -> g
    int getSimState() -> h
    java.lang.String getUnique(android.content.Context) -> f
    boolean isNetworkAvailable(android.content.Context) -> b
    boolean isSDAvailable() -> b
    void sendSMS(java.lang.String,java.lang.String) -> a
com.mi.sta7.DeviceResourceAPI$1 -> com.mi.sta7.j:
    android.net.wifi.WifiManager val$wifi -> val$wifi
    void run() -> run
com.mi.sta7.GetShareBean -> com.mi.sta7.k:
    java.lang.String URL -> URL
    java.util.List shareBean -> shareBean
    int page -> page
    java.lang.String respString -> respString
    java.util.List getShareBean() -> a
    void setShareBean(java.util.List) -> a
    void getShare() -> b
    java.util.List convertToShareBeans(java.lang.String) -> a
...
android.support.v4.widget.SearchViewCompat$OnQueryTextListenerCompat -> android.support.v4.widget.SearchViewCompat$OnQueryTextListenerCompat:
    java.lang.Object mListener -> mListener
    boolean onQueryTextSubmit$552c4dfd() -> a
    boolean onQueryTextChange$552c4dfd() -> b
android.support.v4.widget.SearchViewCompat$SearchViewCompatHoneycombImpl -> android.support.v4.widget.SearchViewCompat$SearchViewCompatHoneycombImpl:
    android.view.View newSearchView(android.content.Context) -> a
    java.lang.Object newOnQueryTextListener(android.support.v4.widget.SearchViewCompat$OnQueryTextListenerCompat) -> a
    void setOnQueryTextListener(java.lang.Object,java.lang.Object) -> a
android.support.v4.widget.SearchViewCompat$SearchViewCompatHoneycombImpl$1 -> android.support.v4.widget.SearchViewCompat$SearchViewCompatHoneycombImpl$1:
    android.support.v4.widget.SearchViewCompat$OnQueryTextListenerCompat val$listener -> val$listener
    android.support.v4.widget.SearchViewCompat$SearchViewCompatHoneycombImpl this$0 -> this$0
    boolean onQueryTextSubmit$552c4dfd() -> a
    boolean onQueryTextChange$552c4dfd() -> b
android.support.v4.widget.SearchViewCompat$SearchViewCompatImpl -> android.support.v4.widget.SearchViewCompat$SearchViewCompatImpl:
    android.view.View newSearchView(android.content.Context) -> a
    java.lang.Object newOnQueryTextListener(android.support.v4.widget.SearchViewCompat$OnQueryTextListenerCompat) -> a
    void setOnQueryTextListener(java.lang.Object,java.lang.Object) -> a
android.support.v4.widget.SearchViewCompat$SearchViewCompatStubImpl -> android.support.v4.widget.SearchViewCompat$SearchViewCompatStubImpl:
    android.view.View newSearchView(android.content.Context) -> a
    java.lang.Object newOnQueryTextListener(android.support.v4.widget.SearchViewCompat$OnQueryTextListenerCompat) -> a
    void setOnQueryTextListener(java.lang.Object,java.lang.Object) -> a
android.support.v4.widget.SearchViewCompatHoneycomb -> android.support.v4.widget.SearchViewCompatHoneycomb:
    android.view.View newSearchView(android.content.Context) -> a
    java.lang.Object newOnQueryTextListener(android.support.v4.widget.SearchViewCompatHoneycomb$OnQueryTextListenerCompatBridge) -> a
    void setOnQueryTextListener(java.lang.Object,java.lang.Object) -> a
android.support.v4.widget.SearchViewCompatHoneycomb$1 -> android.support.v4.widget.SearchViewCompatHoneycomb$1:
    android.support.v4.widget.SearchViewCompatHoneycomb$OnQueryTextListenerCompatBridge val$listener -> val$listener
    boolean onQueryTextSubmit(java.lang.String) -> onQueryTextSubmit
    boolean onQueryTextChange(java.lang.String) -> onQueryTextChange
android.support.v4.widget.SearchViewCompatHoneycomb$OnQueryTextListenerCompatBridge -> android.support.v4.widget.SearchViewCompatHoneycomb$OnQueryTextListenerCompatBridge:
    boolean onQueryTextSubmit$552c4dfd() -> a
    boolean onQueryTextChange$552c4dfd() -> b